<?xml version="1.0" encoding="UTF-8"?>
<testng-results ignored="0" total="1" passed="1" failed="0" skipped="0">
  <reporter-output>
  </reporter-output>
  <suite started-at="2022-04-13T21:22:39 CDT" name="Default suite" finished-at="2022-04-13T21:23:56 CDT" duration-ms="77143">
    <groups>
    </groups>
    <test started-at="2022-04-13T21:22:39 CDT" name="Default test" finished-at="2022-04-13T21:23:56 CDT" duration-ms="77143">
      <class name="com.testscenarios.iFramesSample">
        <test-method is-config="true" signature="setup()[pri:0, instance:com.testscenarios.iFramesSample@4659191b]" started-at="2022-04-13T21:22:39 CDT" name="setup" finished-at="2022-04-13T21:22:45 CDT" duration-ms="5785" status="PASS">
          <reporter-output>
          </reporter-output>
        </test-method> <!-- setup -->
        <test-method signature="test123()[pri:0, instance:com.testscenarios.iFramesSample@4659191b]" started-at="2022-04-13T21:22:45 CDT" name="test123" finished-at="2022-04-13T21:23:56 CDT" duration-ms="71288" status="PASS">
          <reporter-output>
          </reporter-output>
        </test-method> <!-- test123 -->
      </class> <!-- com.testscenarios.iFramesSample -->
    </test> <!-- Default test -->
  </suite> <!-- Default suite -->
</testng-results>
