<?xml version="1.0" encoding="UTF-8"?>
<!-- Generated by org.testng.reporters.JUnitReportReporter -->
<testsuite hostname="DESKTOP-5CPAH1B" failures="0" tests="3" name="com.testscenarios.FB_LOGIN" time="6.370" errors="0" timestamp="2022-03-18T07:57:07 IST" skipped="0">
  <testcase classname="com.testscenarios.FB_LOGIN" name="f" time="2.134"/>
  <system-out/>
  <testcase classname="com.testscenarios.FB_LOGIN" name="f" time="2.498"/>
  <system-out/>
  <testcase classname="com.testscenarios.FB_LOGIN" name="f" time="1.738"/>
  <system-out/>
</testsuite> <!-- com.testscenarios.FB_LOGIN -->
