<?xml version="1.0" encoding="UTF-8"?>
<!-- Generated by org.testng.reporters.JUnitReportReporter -->
<testsuite hostname="DESKTOP-5CPAH1B" failures="0" tests="2" name="com.testscenarios.GetTextVsGetAttribute" time="5.117" errors="0" timestamp="2022-03-16T08:24:11 IST" skipped="0">
  <testcase classname="com.testscenarios.GetTextVsGetAttribute" name="abc" time="2.801"/>
  <system-out/>
  <testcase classname="com.testscenarios.GetTextVsGetAttribute" name="f" time="2.316"/>
  <system-out/>
</testsuite> <!-- com.testscenarios.GetTextVsGetAttribute -->
